  pch.cpp
  DllDefine.cpp
D:\DIIT KIT\OS\LR6_Dll\LR6_Dll\DllDefine.cpp(11,28): warning C4273: AddInEnd: несовместимое связывание dll
D:\DIIT KIT\OS\LR6_Dll\LR6_Dll\DllDefine.h(21,34): message : см. предыдущее определение "AddInEnd"
D:\DIIT KIT\OS\LR6_Dll\LR6_Dll\DllDefine.cpp(50,34): warning C4273: AddBeforeItems: несовместимое связывание dll
D:\DIIT KIT\OS\LR6_Dll\LR6_Dll\DllDefine.h(26,34): message : см. предыдущее определение "AddBeforeItems"
D:\DIIT KIT\OS\LR6_Dll\LR6_Dll\DllDefine.cpp(84,35): warning C4273: DeleteFirstItem: несовместимое связывание dll
D:\DIIT KIT\OS\LR6_Dll\LR6_Dll\DllDefine.h(31,34): message : см. предыдущее определение "DeleteFirstItem"
D:\DIIT KIT\OS\LR6_Dll\LR6_Dll\DllDefine.cpp(98,36): warning C4273: DeleteItemNumber: несовместимое связывание dll
D:\DIIT KIT\OS\LR6_Dll\LR6_Dll\DllDefine.h(36,34): message : см. предыдущее определение "DeleteItemNumber"
D:\DIIT KIT\OS\LR6_Dll\LR6_Dll\DllDefine.cpp(125,25): warning C4273: Output: несовместимое связывание dll
D:\DIIT KIT\OS\LR6_Dll\LR6_Dll\DllDefine.h(41,33): message : см. предыдущее определение "Output"
D:\DIIT KIT\OS\LR6_Dll\LR6_Dll\DllDefine.cpp(139,30): warning C4273: DeleteList: несовместимое связывание dll
D:\DIIT KIT\OS\LR6_Dll\LR6_Dll\DllDefine.h(46,34): message : см. предыдущее определение "DeleteList"
D:\DIIT KIT\OS\LR6_Dll\LR6_Dll\DllDefine.cpp(205,41): warning C4273: HoaraSort: несовместимое связывание dll
D:\DIIT KIT\OS\LR6_Dll\LR6_Dll\DllDefine.h(56,33): message : см. предыдущее определение "HoaraSort"
D:\DIIT KIT\OS\LR6_Dll\LR6_Dll\DllDefine.cpp(241,40): warning C4273: SymDif: несовместимое связывание dll
D:\DIIT KIT\OS\LR6_Dll\LR6_Dll\DllDefine.h(51,34): message : см. предыдущее определение "SymDif"
  dllmain.cpp
  Создание кода...
     Создается библиотека D:\DIIT KIT\OS\LR6_Dll\Debug\LR6_Dll.lib и объект D:\DIIT KIT\OS\LR6_Dll\Debug\LR6_Dll.exp
  LR6_Dll.vcxproj -> D:\DIIT KIT\OS\LR6_Dll\Debug\LR6_Dll.dll
